#
# There is insufficient memory for the Java Runtime Environment to continue.
# Native memory allocation (malloc) failed to allocate 168272 bytes. Error detail: Chunk::new
# Possible reasons:
#   The system is out of physical RAM or swap space
#   This process is running with CompressedOops enabled, and the Java Heap may be blocking the growth of the native heap
# Possible solutions:
#   Reduce memory load on the system
#   Increase physical memory or swap space
#   Check if swap backing store is full
#   Decrease Java heap size (-Xmx/-Xms)
#   Decrease number of Java threads
#   Decrease Java thread stack sizes (-Xss)
#   Set larger code cache with -XX:ReservedCodeCacheSize=
#   JVM is running with Unscaled Compressed Oops mode in which the Java heap is
#     placed in the first 4GB address space. The Java Heap base address is the
#     maximum limit for the native heap growth. Please use -XX:HeapBaseMinAddress
#     to set the Java Heap base and to place the Java Heap above 4GB virtual address.
# This output file may be truncated or incomplete.
#
#  Out of Memory Error (arena.cpp:191), pid=39896, tid=31372
#
# JRE version: OpenJDK Runtime Environment Microsoft-10800295 (17.0.14+7) (build 17.0.14+7-LTS)
# Java VM: OpenJDK 64-Bit Server VM Microsoft-10800295 (17.0.14+7-LTS, mixed mode, tiered, compressed oops, compressed class ptrs, g1 gc, windows-amd64)
# No core dump will be written. Minidumps are not enabled by default on client versions of Windows
#

---------------  S U M M A R Y ------------

Command Line: -Xmx64m -Xms64m -Dorg.gradle.appname=gradlew org.gradle.wrapper.GradleWrapperMain app:installDebug -PreactNativeDevServerPort=8081

Host: 12th Gen Intel(R) Core(TM) i5-1235U, 12 cores, 7G,  Windows 10 , 64 bit Build 19041 (10.0.19041.5198)
Time: Tue Feb 18 15:55:20 2025 Pakistan Standard Time elapsed time: 0.440799 seconds (0d 0h 0m 0s)

---------------  T H R E A D  ---------------

Current thread (0x0000025ba43d6ce0):  JavaThread "C2 CompilerThread0" daemon [_thread_in_native, id=31372, stack(0x00000078fcb00000,0x00000078fcc00000)]


Current CompileTask:
C2:    440  504       4       java.util.HashMap::putVal (300 bytes)

Stack: [0x00000078fcb00000,0x00000078fcc00000]
Native frames: (J=compiled Java code, j=interpreted, Vv=VM code, C=native code)
V  [jvm.dll+0x6886b9]
V  [jvm.dll+0x83f6f8]
V  [jvm.dll+0x8411a3]
V  [jvm.dll+0x841813]
V  [jvm.dll+0x2495cf]
V  [jvm.dll+0xad0d4]
V  [jvm.dll+0xad76c]
V  [jvm.dll+0x36ae0e]
V  [jvm.dll+0x335403]
V  [jvm.dll+0x33489a]
V  [jvm.dll+0x21a7e8]
V  [jvm.dll+0x219c1f]
V  [jvm.dll+0x1a5596]
V  [jvm.dll+0x22a27a]
V  [jvm.dll+0x2283bb]
V  [jvm.dll+0x7f4f48]
V  [jvm.dll+0x7ef2ac]
V  [jvm.dll+0x687597]
C  [ucrtbase.dll+0x21bb2]
C  [KERNEL32.DLL+0x17374]
C  [ntdll.dll+0x4cc91]


---------------  P R O C E S S  ---------------

Threads class SMR info:
_java_thread_list=0x0000025ba47de4f0, length=13, elements={
0x0000025b8a4b19e0, 0x0000025ba43ac260, 0x0000025ba43adef0, 0x0000025ba4396090,
0x0000025ba4396d10, 0x0000025ba43976d0, 0x0000025ba43d4020, 0x0000025ba43d6ce0,
0x0000025ba43d7790, 0x0000025ba43ea870, 0x0000025ba454e8c0, 0x0000025ba4555470,
0x0000025ba47835d0
}

Java Threads: ( => current thread )
  0x0000025b8a4b19e0 JavaThread "main" [_thread_in_vm, id=36124, stack(0x00000078fbe00000,0x00000078fbf00000)]
  0x0000025ba43ac260 JavaThread "Reference Handler" daemon [_thread_blocked, id=33564, stack(0x00000078fc500000,0x00000078fc600000)]
  0x0000025ba43adef0 JavaThread "Finalizer" daemon [_thread_blocked, id=21376, stack(0x00000078fc600000,0x00000078fc700000)]
  0x0000025ba4396090 JavaThread "Signal Dispatcher" daemon [_thread_blocked, id=22860, stack(0x00000078fc700000,0x00000078fc800000)]
  0x0000025ba4396d10 JavaThread "Attach Listener" daemon [_thread_blocked, id=26400, stack(0x00000078fc800000,0x00000078fc900000)]
  0x0000025ba43976d0 JavaThread "Service Thread" daemon [_thread_blocked, id=21360, stack(0x00000078fc900000,0x00000078fca00000)]
  0x0000025ba43d4020 JavaThread "Monitor Deflation Thread" daemon [_thread_blocked, id=38332, stack(0x00000078fca00000,0x00000078fcb00000)]
=>0x0000025ba43d6ce0 JavaThread "C2 CompilerThread0" daemon [_thread_in_native, id=31372, stack(0x00000078fcb00000,0x00000078fcc00000)]
  0x0000025ba43d7790 JavaThread "C1 CompilerThread0" daemon [_thread_in_native, id=32688, stack(0x00000078fcc00000,0x00000078fcd00000)]
  0x0000025ba43ea870 JavaThread "Sweeper thread" daemon [_thread_blocked, id=43080, stack(0x00000078fcd00000,0x00000078fce00000)]
  0x0000025ba454e8c0 JavaThread "Notification Thread" daemon [_thread_blocked, id=13168, stack(0x00000078fce00000,0x00000078fcf00000)]
  0x0000025ba4555470 JavaThread "Common-Cleaner" daemon [_thread_blocked, id=12752, stack(0x00000078fd000000,0x00000078fd100000)]
  0x0000025ba47835d0 JavaThread "C2 CompilerThread1" daemon [_thread_in_native, id=17816, stack(0x00000078fd100000,0x00000078fd200000)]

Other Threads:
  0x0000025ba43881d0 VMThread "VM Thread" [stack: 0x00000078fc400000,0x00000078fc500000] [id=38840]
  0x0000025ba454eda0 WatcherThread [stack: 0x00000078fcf00000,0x00000078fd000000] [id=21872]
  0x0000025b8a4d1d20 GCTaskThread "GC Thread#0" [stack: 0x00000078fbf00000,0x00000078fc000000] [id=44544]
  0x0000025b8a4d3370 ConcurrentGCThread "G1 Main Marker" [stack: 0x00000078fc000000,0x00000078fc100000] [id=38244]
  0x0000025b8a4d3c90 ConcurrentGCThread "G1 Conc#0" [stack: 0x00000078fc100000,0x00000078fc200000] [id=41876]
  0x0000025b8a5682c0 ConcurrentGCThread "G1 Refine#0" [stack: 0x00000078fc200000,0x00000078fc300000] [id=44740]
  0x0000025b8a568bf0 ConcurrentGCThread "G1 Service" [stack: 0x00000078fc300000,0x00000078fc400000] [id=29840]

Threads with active compile tasks:
C2 CompilerThread0      457  504       4       java.util.HashMap::putVal (300 bytes)
C1 CompilerThread0      457  562       3       java.net.URL::isBuiltinStreamHandler (32 bytes)
C2 CompilerThread1      457  506       4       java.util.HashSet::add (20 bytes)

VM state: not at safepoint (normal execution)

VM Mutex/Monitor currently owned by a thread:  ([mutex/lock_event])
[0x0000025b8a4ad090] Metaspace_lock - owner thread: 0x0000025b8a4b19e0
[0x0000025b8a4afd90] MethodData_lock - owner thread: 0x0000025ba43d7790

Heap address: 0x00000000fc000000, size: 64 MB, Compressed Oops mode: 32-bit

CDS archive(s) not mapped
Compressed class space mapped at: 0x0000000100000000-0x0000000140000000, reserved size: 1073741824
Narrow klass base: 0x0000000000000000, Narrow klass shift: 3, Narrow klass range: 0x140000000

GC Precious Log:
 CPUs: 12 total, 12 available
 Memory: 7916M
 Large Page Support: Disabled
 NUMA Support: Disabled
 Compressed Oops: Enabled (32-bit)
 Heap Region Size: 1M
 Heap Min Capacity: 64M
 Heap Initial Capacity: 64M
 Heap Max Capacity: 64M
 Pre-touch: Disabled
 Parallel Workers: 10
 Concurrent Workers: 3
 Concurrent Refinement Workers: 10
 Periodic GC: Disabled

Heap:
 garbage-first heap   total 65536K, used 18432K [0x00000000fc000000, 0x0000000100000000)
  region size 1024K, 20 young (20480K), 0 survivors (0K)
 Metaspace       used 7904K, committed 8064K, reserved 1114112K
  class space    used 673K, committed 768K, reserved 1048576K

Heap Regions: E=young(eden), S=young(survivor), O=old, HS=humongous(starts), HC=humongous(continues), CS=collection set, F=free, OA=open archive, CA=closed archive, TAMS=top-at-mark-start (previous, next)
|   0|0x00000000fc000000, 0x00000000fc000000, 0x00000000fc100000|  0%| F|  |TAMS 0x00000000fc000000, 0x00000000fc000000| Untracked 
|   1|0x00000000fc100000, 0x00000000fc100000, 0x00000000fc200000|  0%| F|  |TAMS 0x00000000fc100000, 0x00000000fc100000| Untracked 
|   2|0x00000000fc200000, 0x00000000fc200000, 0x00000000fc300000|  0%| F|  |TAMS 0x00000000fc200000, 0x00000000fc200000| Untracked 
|   3|0x00000000fc300000, 0x00000000fc300000, 0x00000000fc400000|  0%| F|  |TAMS 0x00000000fc300000, 0x00000000fc300000| Untracked 
|   4|0x00000000fc400000, 0x00000000fc400000, 0x00000000fc500000|  0%| F|  |TAMS 0x00000000fc400000, 0x00000000fc400000| Untracked 
|   5|0x00000000fc500000, 0x00000000fc500000, 0x00000000fc600000|  0%| F|  |TAMS 0x00000000fc500000, 0x00000000fc500000| Untracked 
|   6|0x00000000fc600000, 0x00000000fc600000, 0x00000000fc700000|  0%| F|  |TAMS 0x00000000fc600000, 0x00000000fc600000| Untracked 
|   7|0x00000000fc700000, 0x00000000fc700000, 0x00000000fc800000|  0%| F|  |TAMS 0x00000000fc700000, 0x00000000fc700000| Untracked 
|   8|0x00000000fc800000, 0x00000000fc800000, 0x00000000fc900000|  0%| F|  |TAMS 0x00000000fc800000, 0x00000000fc800000| Untracked 
|   9|0x00000000fc900000, 0x00000000fc900000, 0x00000000fca00000|  0%| F|  |TAMS 0x00000000fc900000, 0x00000000fc900000| Untracked 
|  10|0x00000000fca00000, 0x00000000fca00000, 0x00000000fcb00000|  0%| F|  |TAMS 0x00000000fca00000, 0x00000000fca00000| Untracked 
|  11|0x00000000fcb00000, 0x00000000fcb00000, 0x00000000fcc00000|  0%| F|  |TAMS 0x00000000fcb00000, 0x00000000fcb00000| Untracked 
|  12|0x00000000fcc00000, 0x00000000fcc00000, 0x00000000fcd00000|  0%| F|  |TAMS 0x00000000fcc00000, 0x00000000fcc00000| Untracked 
|  13|0x00000000fcd00000, 0x00000000fcd00000, 0x00000000fce00000|  0%| F|  |TAMS 0x00000000fcd00000, 0x00000000fcd00000| Untracked 
|  14|0x00000000fce00000, 0x00000000fce00000, 0x00000000fcf00000|  0%| F|  |TAMS 0x00000000fce00000, 0x00000000fce00000| Untracked 
|  15|0x00000000fcf00000, 0x00000000fcf00000, 0x00000000fd000000|  0%| F|  |TAMS 0x00000000fcf00000, 0x00000000fcf00000| Untracked 
|  16|0x00000000fd000000, 0x00000000fd000000, 0x00000000fd100000|  0%| F|  |TAMS 0x00000000fd000000, 0x00000000fd000000| Untracked 
|  17|0x00000000fd100000, 0x00000000fd100000, 0x00000000fd200000|  0%| F|  |TAMS 0x00000000fd100000, 0x00000000fd100000| Untracked 
|  18|0x00000000fd200000, 0x00000000fd200000, 0x00000000fd300000|  0%| F|  |TAMS 0x00000000fd200000, 0x00000000fd200000| Untracked 
|  19|0x00000000fd300000, 0x00000000fd300000, 0x00000000fd400000|  0%| F|  |TAMS 0x00000000fd300000, 0x00000000fd300000| Untracked 
|  20|0x00000000fd400000, 0x00000000fd400000, 0x00000000fd500000|  0%| F|  |TAMS 0x00000000fd400000, 0x00000000fd400000| Untracked 
|  21|0x00000000fd500000, 0x00000000fd500000, 0x00000000fd600000|  0%| F|  |TAMS 0x00000000fd500000, 0x00000000fd500000| Untracked 
|  22|0x00000000fd600000, 0x00000000fd600000, 0x00000000fd700000|  0%| F|  |TAMS 0x00000000fd600000, 0x00000000fd600000| Untracked 
|  23|0x00000000fd700000, 0x00000000fd700000, 0x00000000fd800000|  0%| F|  |TAMS 0x00000000fd700000, 0x00000000fd700000| Untracked 
|  24|0x00000000fd800000, 0x00000000fd800000, 0x00000000fd900000|  0%| F|  |TAMS 0x00000000fd800000, 0x00000000fd800000| Untracked 
|  25|0x00000000fd900000, 0x00000000fd900000, 0x00000000fda00000|  0%| F|  |TAMS 0x00000000fd900000, 0x00000000fd900000| Untracked 
|  26|0x00000000fda00000, 0x00000000fda00000, 0x00000000fdb00000|  0%| F|  |TAMS 0x00000000fda00000, 0x00000000fda00000| Untracked 
|  27|0x00000000fdb00000, 0x00000000fdb00000, 0x00000000fdc00000|  0%| F|  |TAMS 0x00000000fdb00000, 0x00000000fdb00000| Untracked 
|  28|0x00000000fdc00000, 0x00000000fdc00000, 0x00000000fdd00000|  0%| F|  |TAMS 0x00000000fdc00000, 0x00000000fdc00000| Untracked 
|  29|0x00000000fdd00000, 0x00000000fdd00000, 0x00000000fde00000|  0%| F|  |TAMS 0x00000000fdd00000, 0x00000000fdd00000| Untracked 
|  30|0x00000000fde00000, 0x00000000fde00000, 0x00000000fdf00000|  0%| F|  |TAMS 0x00000000fde00000, 0x00000000fde00000| Untracked 
|  31|0x00000000fdf00000, 0x00000000fdf00000, 0x00000000fe000000|  0%| F|  |TAMS 0x00000000fdf00000, 0x00000000fdf00000| Untracked 
|  32|0x00000000fe000000, 0x00000000fe000000, 0x00000000fe100000|  0%| F|  |TAMS 0x00000000fe000000, 0x00000000fe000000| Untracked 
|  33|0x00000000fe100000, 0x00000000fe100000, 0x00000000fe200000|  0%| F|  |TAMS 0x00000000fe100000, 0x00000000fe100000| Untracked 
|  34|0x00000000fe200000, 0x00000000fe200000, 0x00000000fe300000|  0%| F|  |TAMS 0x00000000fe200000, 0x00000000fe200000| Untracked 
|  35|0x00000000fe300000, 0x00000000fe300000, 0x00000000fe400000|  0%| F|  |TAMS 0x00000000fe300000, 0x00000000fe300000| Untracked 
|  36|0x00000000fe400000, 0x00000000fe400000, 0x00000000fe500000|  0%| F|  |TAMS 0x00000000fe400000, 0x00000000fe400000| Untracked 
|  37|0x00000000fe500000, 0x00000000fe500000, 0x00000000fe600000|  0%| F|  |TAMS 0x00000000fe500000, 0x00000000fe500000| Untracked 
|  38|0x00000000fe600000, 0x00000000fe600000, 0x00000000fe700000|  0%| F|  |TAMS 0x00000000fe600000, 0x00000000fe600000| Untracked 
|  39|0x00000000fe700000, 0x00000000fe700000, 0x00000000fe800000|  0%| F|  |TAMS 0x00000000fe700000, 0x00000000fe700000| Untracked 
|  40|0x00000000fe800000, 0x00000000fe800000, 0x00000000fe900000|  0%| F|  |TAMS 0x00000000fe800000, 0x00000000fe800000| Untracked 
|  41|0x00000000fe900000, 0x00000000fe900000, 0x00000000fea00000|  0%| F|  |TAMS 0x00000000fe900000, 0x00000000fe900000| Untracked 
|  42|0x00000000fea00000, 0x00000000fea00000, 0x00000000feb00000|  0%| F|  |TAMS 0x00000000fea00000, 0x00000000fea00000| Untracked 
|  43|0x00000000feb00000, 0x00000000feb00000, 0x00000000fec00000|  0%| F|  |TAMS 0x00000000feb00000, 0x00000000feb00000| Untracked 
|  44|0x00000000fec00000, 0x00000000fec75c40, 0x00000000fed00000| 46%| E|  |TAMS 0x00000000fec00000, 0x00000000fec00000| Complete 
|  45|0x00000000fed00000, 0x00000000fee00000, 0x00000000fee00000|100%| E|CS|TAMS 0x00000000fed00000, 0x00000000fed00000| Complete 
|  46|0x00000000fee00000, 0x00000000fef00000, 0x00000000fef00000|100%| E|CS|TAMS 0x00000000fee00000, 0x00000000fee00000| Complete 
|  47|0x00000000fef00000, 0x00000000ff000000, 0x00000000ff000000|100%| E|CS|TAMS 0x00000000fef00000, 0x00000000fef00000| Complete 
|  48|0x00000000ff000000, 0x00000000ff100000, 0x00000000ff100000|100%| E|CS|TAMS 0x00000000ff000000, 0x00000000ff000000| Complete 
|  49|0x00000000ff100000, 0x00000000ff200000, 0x00000000ff200000|100%| E|CS|TAMS 0x00000000ff100000, 0x00000000ff100000| Complete 
|  50|0x00000000ff200000, 0x00000000ff300000, 0x00000000ff300000|100%| E|CS|TAMS 0x00000000ff200000, 0x00000000ff200000| Complete 
|  51|0x00000000ff300000, 0x00000000ff400000, 0x00000000ff400000|100%| E|CS|TAMS 0x00000000ff300000, 0x00000000ff300000| Complete 
|  52|0x00000000ff400000, 0x00000000ff500000, 0x00000000ff500000|100%| E|CS|TAMS 0x00000000ff400000, 0x00000000ff400000| Complete 
|  53|0x00000000ff500000, 0x00000000ff600000, 0x00000000ff600000|100%| E|CS|TAMS 0x00000000ff500000, 0x00000000ff500000| Complete 
|  54|0x00000000ff600000, 0x00000000ff700000, 0x00000000ff700000|100%| E|CS|TAMS 0x00000000ff600000, 0x00000000ff600000| Complete 
|  55|0x00000000ff700000, 0x00000000ff800000, 0x00000000ff800000|100%| E|CS|TAMS 0x00000000ff700000, 0x00000000ff700000| Complete 
|  56|0x00000000ff800000, 0x00000000ff900000, 0x00000000ff900000|100%| E|CS|TAMS 0x00000000ff800000, 0x00000000ff800000| Complete 
|  57|0x00000000ff900000, 0x00000000ffa00000, 0x00000000ffa00000|100%| E|  |TAMS 0x00000000ff900000, 0x00000000ff900000| Complete 
|  58|0x00000000ffa00000, 0x00000000ffb00000, 0x00000000ffb00000|100%| E|CS|TAMS 0x00000000ffa00000, 0x00000000ffa00000| Complete 
|  59|0x00000000ffb00000, 0x00000000ffc00000, 0x00000000ffc00000|100%| E|CS|TAMS 0x00000000ffb00000, 0x00000000ffb00000| Complete 
|  60|0x00000000ffc00000, 0x00000000ffd00000, 0x00000000ffd00000|100%| E|CS|TAMS 0x00000000ffc00000, 0x00000000ffc00000| Complete 
|  61|0x00000000ffd00000, 0x00000000ffe00000, 0x00000000ffe00000|100%| E|CS|TAMS 0x00000000ffd00000, 0x00000000ffd00000| Complete 
|  62|0x00000000ffe00000, 0x00000000fff00000, 0x00000000fff00000|100%| E|CS|TAMS 0x00000000ffe00000, 0x00000000ffe00000| Complete 
|  63|0x00000000fff00000, 0x0000000100000000, 0x0000000100000000|100%| E|CS|TAMS 0x00000000fff00000, 0x00000000fff00000| Complete 

Card table byte_map: [0x0000025b88360000,0x0000025b88380000] _byte_map_base: 0x0000025b87b80000

Marking Bits (Prev, Next): (CMBitMap*) 0x0000025b8a4d2240, (CMBitMap*) 0x0000025b8a4d2280
 Prev Bits: [0x0000025ba1540000, 0x0000025ba1640000)
 Next Bits: [0x0000025ba1640000, 0x0000025ba1740000)

Polling page: 0x0000025b881a0000

Metaspace:

Usage:
  Non-class:      7.06 MB used.
      Class:    673.47 KB used.
       Both:      7.72 MB used.

Virtual space:
  Non-class space:       64.00 MB reserved,       7.12 MB ( 11%) committed,  1 nodes.
      Class space:        1.00 GB reserved,     768.00 KB ( <1%) committed,  1 nodes.
             Both:        1.06 GB reserved,       7.88 MB ( <1%) committed. 

Chunk freelists:
   Non-Class:  8.80 MB
       Class:  15.20 MB
        Both:  24.00 MB

MaxMetaspaceSize: unlimited
CompressedClassSpaceSize: 1.00 GB
Initial GC threshold: 21.00 MB
Current GC threshold: 21.00 MB
CDS: off
MetaspaceReclaimPolicy: balanced
 - commit_granule_bytes: 65536.
 - commit_granule_words: 8192.
 - virtual_space_node_default_size: 8388608.
 - enlarge_chunks_in_place: 1.
 - new_chunks_are_fully_committed: 0.
 - uncommit_free_chunks: 1.
 - use_allocation_guard: 0.
 - handle_deallocations: 1.


Internal statistics:

num_allocs_failed_limit: 0.
num_arena_births: 12.
num_arena_deaths: 0.
num_vsnodes_births: 2.
num_vsnodes_deaths: 0.
num_space_committed: 126.
num_space_uncommitted: 0.
num_chunks_returned_to_freelist: 0.
num_chunks_taken_from_freelist: 58.
num_chunk_merges: 0.
num_chunk_splits: 28.
num_chunks_enlarged: 15.
num_inconsistent_stats: 0.

CodeHeap 'non-profiled nmethods': size=120000Kb used=207Kb max_used=207Kb free=119792Kb
 bounds [0x0000025b99ac0000, 0x0000025b99d30000, 0x0000025ba0ff0000]
CodeHeap 'profiled nmethods': size=120000Kb used=880Kb max_used=880Kb free=119119Kb
 bounds [0x0000025b91ff0000, 0x0000025b92260000, 0x0000025b99520000]
CodeHeap 'non-nmethods': size=5760Kb used=1120Kb max_used=1136Kb free=4639Kb
 bounds [0x0000025b99520000, 0x0000025b99790000, 0x0000025b99ac0000]
 total_blobs=956 nmethods=554 adapters=315
 compilation: enabled
              stopped_count=0, restarted_count=0
 full_count=0

Compilation events (20 events):
Event: 0.431 Thread 0x0000025ba43d7790 nmethod 512 0x0000025b920b1090 code [0x0000025b920b1220, 0x0000025b920b1318]
Event: 0.431 Thread 0x0000025ba43d7790  513       3       java.lang.StringLatin1::compareToCI (108 bytes)
Event: 0.432 Thread 0x0000025ba43d7790 nmethod 513 0x0000025b920b1390 code [0x0000025b920b15e0, 0x0000025b920b1e98]
Event: 0.432 Thread 0x0000025ba43d7790  515       3       java.util.AbstractCollection::addAll (42 bytes)
Event: 0.432 Thread 0x0000025ba43d7790 nmethod 515 0x0000025b920b2290 code [0x0000025b920b2480, 0x0000025b920b2998]
Event: 0.433 Thread 0x0000025ba43d7790  516       3       org.gradle.internal.classpath.DefaultClassPath::<init> (10 bytes)
Event: 0.433 Thread 0x0000025ba43d7790 nmethod 516 0x0000025b920b2b10 code [0x0000025b920b2ca0, 0x0000025b920b2e58]
Event: 0.433 Thread 0x0000025ba43d7790  517       3       java.io.File::equals (28 bytes)
Event: 0.433 Thread 0x0000025ba43d7790 nmethod 517 0x0000025b920b2f10 code [0x0000025b920b3100, 0x0000025b920b3728]
Event: 0.433 Thread 0x0000025ba43d7790  518       3       java.io.File::compareTo (9 bytes)
Event: 0.433 Thread 0x0000025ba43d6ce0 nmethod 497 0x0000025b99aefd10 code [0x0000025b99aefee0, 0x0000025b99af0d38]
Event: 0.433 Thread 0x0000025ba43d6ce0  504       4       java.util.HashMap::putVal (300 bytes)
Event: 0.434 Thread 0x0000025ba43d7790 nmethod 518 0x0000025b920b3910 code [0x0000025b920b3ae0, 0x0000025b920b3da8]
Event: 0.434 Thread 0x0000025ba43d7790  521       3       java.util.HashMap::put (13 bytes)
Event: 0.434 Thread 0x0000025ba43d7790 nmethod 521 0x0000025b920b3f10 code [0x0000025b920b40c0, 0x0000025b920b43b8]
Event: 0.434 Thread 0x0000025ba47835d0  522       4       java.util.HashMap::hash (20 bytes)
Event: 0.434 Thread 0x0000025ba43d7790  523       3       java.lang.String$CaseInsensitiveComparator::compare (68 bytes)
Event: 0.434 Thread 0x0000025ba43d7790 nmethod 523 0x0000025b920b4510 code [0x0000025b920b4720, 0x0000025b920b4bb8]
Event: 0.435 Thread 0x0000025ba47835d0 nmethod 522 0x0000025b99af1290 code [0x0000025b99af1400, 0x0000025b99af14d8]
Event: 0.435 Thread 0x0000025ba47835d0  525 %     4       java.lang.StringLatin1::compareToCI @ 16 (108 bytes)

GC Heap History (0 events):
No events

Dll operation events (6 events):
Event: 0.005 Loaded shared library C:\Program Files\Microsoft\jdk-17.0.14.7-hotspot\bin\java.dll
Event: 0.053 Loaded shared library C:\Program Files\Microsoft\jdk-17.0.14.7-hotspot\bin\jsvml.dll
Event: 0.145 Loaded shared library C:\Program Files\Microsoft\jdk-17.0.14.7-hotspot\bin\net.dll
Event: 0.146 Loaded shared library C:\Program Files\Microsoft\jdk-17.0.14.7-hotspot\bin\nio.dll
Event: 0.154 Loaded shared library C:\Program Files\Microsoft\jdk-17.0.14.7-hotspot\bin\zip.dll
Event: 0.160 Loaded shared library C:\Program Files\Microsoft\jdk-17.0.14.7-hotspot\bin\verify.dll

Deoptimization events (20 events):
Event: 0.427 Thread 0x0000025b8a4b19e0 Uncommon trap: trap_request=0xffffffde fr.pc=0x0000025b99aef4e0 relative=0x0000000000000680
Event: 0.427 Thread 0x0000025b8a4b19e0 Uncommon trap: reason=class_check action=maybe_recompile pc=0x0000025b99aef4e0 method=java.util.HashMap.putVal(ILjava/lang/Object;Ljava/lang/Object;ZZ)Ljava/lang/Object; @ 253 c2
Event: 0.427 Thread 0x0000025b8a4b19e0 DEOPT PACKING pc=0x0000025b99aef4e0 sp=0x00000078fbefe0d0
Event: 0.427 Thread 0x0000025b8a4b19e0 DEOPT UNPACKING pc=0x0000025b995769a3 sp=0x00000078fbefe060 mode 2
Event: 0.427 Thread 0x0000025b8a4b19e0 Uncommon trap: trap_request=0xffffffde fr.pc=0x0000025b99aef4e0 relative=0x0000000000000680
Event: 0.427 Thread 0x0000025b8a4b19e0 Uncommon trap: reason=class_check action=maybe_recompile pc=0x0000025b99aef4e0 method=java.util.HashMap.putVal(ILjava/lang/Object;Ljava/lang/Object;ZZ)Ljava/lang/Object; @ 253 c2
Event: 0.427 Thread 0x0000025b8a4b19e0 DEOPT PACKING pc=0x0000025b99aef4e0 sp=0x00000078fbefe0d0
Event: 0.427 Thread 0x0000025b8a4b19e0 DEOPT UNPACKING pc=0x0000025b995769a3 sp=0x00000078fbefe060 mode 2
Event: 0.427 Thread 0x0000025b8a4b19e0 Uncommon trap: trap_request=0xffffffde fr.pc=0x0000025b99aef4e0 relative=0x0000000000000680
Event: 0.427 Thread 0x0000025b8a4b19e0 Uncommon trap: reason=class_check action=maybe_recompile pc=0x0000025b99aef4e0 method=java.util.HashMap.putVal(ILjava/lang/Object;Ljava/lang/Object;ZZ)Ljava/lang/Object; @ 253 c2
Event: 0.427 Thread 0x0000025b8a4b19e0 DEOPT PACKING pc=0x0000025b99aef4e0 sp=0x00000078fbefe0d0
Event: 0.427 Thread 0x0000025b8a4b19e0 DEOPT UNPACKING pc=0x0000025b995769a3 sp=0x00000078fbefe060 mode 2
Event: 0.427 Thread 0x0000025b8a4b19e0 Uncommon trap: trap_request=0xffffffde fr.pc=0x0000025b99aef4e0 relative=0x0000000000000680
Event: 0.427 Thread 0x0000025b8a4b19e0 Uncommon trap: reason=class_check action=maybe_recompile pc=0x0000025b99aef4e0 method=java.util.HashMap.putVal(ILjava/lang/Object;Ljava/lang/Object;ZZ)Ljava/lang/Object; @ 253 c2
Event: 0.427 Thread 0x0000025b8a4b19e0 DEOPT PACKING pc=0x0000025b99aef4e0 sp=0x00000078fbefe0d0
Event: 0.427 Thread 0x0000025b8a4b19e0 DEOPT UNPACKING pc=0x0000025b995769a3 sp=0x00000078fbefe060 mode 2
Event: 0.433 Thread 0x0000025b8a4b19e0 Uncommon trap: trap_request=0xffffff45 fr.pc=0x0000025b99af0be4 relative=0x0000000000000d04
Event: 0.433 Thread 0x0000025b8a4b19e0 Uncommon trap: reason=unstable_if action=reinterpret pc=0x0000025b99af0be4 method=java.util.HashMap.putVal(ILjava/lang/Object;Ljava/lang/Object;ZZ)Ljava/lang/Object; @ 81 c2
Event: 0.433 Thread 0x0000025b8a4b19e0 DEOPT PACKING pc=0x0000025b99af0be4 sp=0x00000078fbefe490
Event: 0.433 Thread 0x0000025b8a4b19e0 DEOPT UNPACKING pc=0x0000025b995769a3 sp=0x00000078fbefe3a0 mode 2

Classes loaded (20 events):
Event: 0.437 Loading class jdk/internal/loader/BuiltinClassLoader$5
Event: 0.437 Loading class jdk/internal/loader/BuiltinClassLoader$5 done
Event: 0.437 Loading class jdk/internal/module/SystemModuleFinders$SystemModuleReader
Event: 0.437 Loading class java/lang/module/ModuleReader
Event: 0.437 Loading class java/lang/module/ModuleReader done
Event: 0.437 Loading class jdk/internal/module/SystemModuleFinders$SystemModuleReader done
Event: 0.437 Loading class jdk/internal/module/SystemModuleFinders$SystemImage
Event: 0.437 Loading class jdk/internal/module/SystemModuleFinders$SystemImage done
Event: 0.437 Loading class jdk/internal/jimage/ImageReaderFactory
Event: 0.437 Loading class jdk/internal/jimage/ImageReaderFactory done
Event: 0.438 Loading class jdk/internal/jimage/ImageReaderFactory$1
Event: 0.438 Loading class jdk/internal/jimage/ImageReaderFactory$1 done
Event: 0.438 Loading class jdk/internal/jimage/ImageReader
Event: 0.438 Loading class jdk/internal/jimage/ImageReader done
Event: 0.438 Loading class jdk/internal/jimage/ImageReader$SharedImageReader
Event: 0.438 Loading class jdk/internal/jimage/BasicImageReader
Event: 0.439 Loading class jdk/internal/jimage/BasicImageReader done
Event: 0.439 Loading class jdk/internal/jimage/ImageReader$SharedImageReader done
Event: 0.439 Loading class jdk/internal/jimage/BasicImageReader$1
Event: 0.439 Loading class jdk/internal/jimage/BasicImageReader$1 done

Classes unloaded (0 events):
No events

Classes redefined (0 events):
No events

Internal exceptions (1 events):
Event: 0.242 Thread 0x0000025b8a4b19e0 Exception <a 'java/lang/NoSuchMethodError'{0x00000000ffded778}: 'int java.lang.invoke.DirectMethodHandle$Holder.invokeStaticInit(java.lang.Object, java.lang.Object)'> (0x00000000ffded778) 
thrown [s\src\hotspot\share\interpreter\linkResolver.cpp, line 759]

VM Operations (2 events):
Event: 0.156 Executing VM operation: HandshakeAllThreads
Event: 0.156 Executing VM operation: HandshakeAllThreads done

Memory protections (0 events):
No events

Nmethod flushes (0 events):
No events

Events (13 events):
Event: 0.053 Thread 0x0000025b8a4b19e0 Thread added: 0x0000025b8a4b19e0
Event: 0.068 Thread 0x0000025b8a4b19e0 Thread added: 0x0000025ba43ac260
Event: 0.068 Thread 0x0000025b8a4b19e0 Thread added: 0x0000025ba43adef0
Event: 0.092 Thread 0x0000025b8a4b19e0 Thread added: 0x0000025ba4396090
Event: 0.092 Thread 0x0000025b8a4b19e0 Thread added: 0x0000025ba4396d10
Event: 0.093 Thread 0x0000025b8a4b19e0 Thread added: 0x0000025ba43976d0
Event: 0.093 Thread 0x0000025b8a4b19e0 Thread added: 0x0000025ba43d4020
Event: 0.093 Thread 0x0000025b8a4b19e0 Thread added: 0x0000025ba43d6ce0
Event: 0.093 Thread 0x0000025b8a4b19e0 Thread added: 0x0000025ba43d7790
Event: 0.093 Thread 0x0000025b8a4b19e0 Thread added: 0x0000025ba43ea870
Event: 0.126 Thread 0x0000025b8a4b19e0 Thread added: 0x0000025ba454e8c0
Event: 0.135 Thread 0x0000025b8a4b19e0 Thread added: 0x0000025ba4555470
Event: 0.434 Thread 0x0000025ba43d7790 Thread added: 0x0000025ba47835d0


Dynamic libraries:
0x00007ff631310000 - 0x00007ff63131e000 	C:\Program Files\Microsoft\jdk-17.0.14.7-hotspot\bin\java.exe
0x00007ffab46b0000 - 0x00007ffab48a8000 	C:\Windows\SYSTEM32\ntdll.dll
0x00007ffab30c0000 - 0x00007ffab3182000 	C:\Windows\System32\KERNEL32.DLL
0x00007ffab1fa0000 - 0x00007ffab229f000 	C:\Windows\System32\KERNELBASE.dll
0x00007ffab22a0000 - 0x00007ffab23a0000 	C:\Windows\System32\ucrtbase.dll
0x00007ffaa8840000 - 0x00007ffaa8857000 	C:\Program Files\Microsoft\jdk-17.0.14.7-hotspot\bin\jli.dll
0x00007ffaa5c10000 - 0x00007ffaa5c2d000 	C:\Program Files\Microsoft\jdk-17.0.14.7-hotspot\bin\VCRUNTIME140.dll
0x00007ffab2e90000 - 0x00007ffab302d000 	C:\Windows\System32\USER32.dll
0x00007ffab1f40000 - 0x00007ffab1f62000 	C:\Windows\System32\win32u.dll
0x00007ffa82a30000 - 0x00007ffa82cca000 	C:\Windows\WinSxS\amd64_microsoft.windows.common-controls_6595b64144ccf1df_6.0.19041.4355_none_60b8b9eb71f62e16\COMCTL32.dll
0x00007ffab2ce0000 - 0x00007ffab2d0b000 	C:\Windows\System32\GDI32.dll
0x00007ffab4570000 - 0x00007ffab460e000 	C:\Windows\System32\msvcrt.dll
0x00007ffab23a0000 - 0x00007ffab24b7000 	C:\Windows\System32\gdi32full.dll
0x00007ffab1ea0000 - 0x00007ffab1f3d000 	C:\Windows\System32\msvcp_win.dll
0x00007ffab2e00000 - 0x00007ffab2e2f000 	C:\Windows\System32\IMM32.DLL
0x00007ffaab860000 - 0x00007ffaab86c000 	C:\Program Files\Microsoft\jdk-17.0.14.7-hotspot\bin\vcruntime140_1.dll
0x00007ffa77c80000 - 0x00007ffa77d0d000 	C:\Program Files\Microsoft\jdk-17.0.14.7-hotspot\bin\msvcp140.dll
0x00007ffa69ef0000 - 0x00007ffa6ab62000 	C:\Program Files\Microsoft\jdk-17.0.14.7-hotspot\bin\server\jvm.dll
0x00007ffab3ef0000 - 0x00007ffab3fa1000 	C:\Windows\System32\ADVAPI32.dll
0x00007ffab44d0000 - 0x00007ffab456f000 	C:\Windows\System32\sechost.dll
0x00007ffab2ba0000 - 0x00007ffab2cc3000 	C:\Windows\System32\RPCRT4.dll
0x00007ffab1f70000 - 0x00007ffab1f97000 	C:\Windows\System32\bcrypt.dll
0x00007ffab2d10000 - 0x00007ffab2d7b000 	C:\Windows\System32\WS2_32.dll
0x00007ffab18b0000 - 0x00007ffab18fb000 	C:\Windows\SYSTEM32\POWRPROF.dll
0x00007ffaa4db0000 - 0x00007ffaa4dd7000 	C:\Windows\SYSTEM32\WINMM.dll
0x00007ffa9d540000 - 0x00007ffa9d54a000 	C:\Windows\SYSTEM32\VERSION.dll
0x00007ffab17a0000 - 0x00007ffab17b2000 	C:\Windows\SYSTEM32\UMPDC.dll
0x00007ffab0560000 - 0x00007ffab0572000 	C:\Windows\SYSTEM32\kernel.appcore.dll
0x00007ffaab800000 - 0x00007ffaab80a000 	C:\Program Files\Microsoft\jdk-17.0.14.7-hotspot\bin\jimage.dll
0x00007ffaaf920000 - 0x00007ffaafb04000 	C:\Windows\SYSTEM32\DBGHELP.DLL
0x00007ffa81810000 - 0x00007ffa81844000 	C:\Windows\SYSTEM32\dbgcore.DLL
0x00007ffab2630000 - 0x00007ffab26b2000 	C:\Windows\System32\bcryptPrimitives.dll
0x00007ffaa5ad0000 - 0x00007ffaa5af5000 	C:\Program Files\Microsoft\jdk-17.0.14.7-hotspot\bin\java.dll
0x00007ffa76bb0000 - 0x00007ffa76c87000 	C:\Program Files\Microsoft\jdk-17.0.14.7-hotspot\bin\jsvml.dll
0x00007ffab33e0000 - 0x00007ffab3b4e000 	C:\Windows\System32\SHELL32.dll
0x00007ffaafda0000 - 0x00007ffab0544000 	C:\Windows\SYSTEM32\windows.storage.dll
0x00007ffab4170000 - 0x00007ffab44c5000 	C:\Windows\System32\combase.dll
0x00007ffab1700000 - 0x00007ffab172f000 	C:\Windows\SYSTEM32\Wldp.dll
0x00007ffab3cc0000 - 0x00007ffab3d8d000 	C:\Windows\System32\OLEAUT32.dll
0x00007ffab3b50000 - 0x00007ffab3bfd000 	C:\Windows\System32\SHCORE.dll
0x00007ffab4610000 - 0x00007ffab4665000 	C:\Windows\System32\shlwapi.dll
0x00007ffab1c70000 - 0x00007ffab1c94000 	C:\Windows\SYSTEM32\profapi.dll
0x00007ffaa5ab0000 - 0x00007ffaa5aca000 	C:\Program Files\Microsoft\jdk-17.0.14.7-hotspot\bin\net.dll
0x00007ffaac1e0000 - 0x00007ffaac2ed000 	C:\Windows\SYSTEM32\WINHTTP.dll
0x00007ffab1460000 - 0x00007ffab14ca000 	C:\Windows\system32\mswsock.dll
0x00007ffaa5a10000 - 0x00007ffaa5a26000 	C:\Program Files\Microsoft\jdk-17.0.14.7-hotspot\bin\nio.dll
0x00007ffaa5570000 - 0x00007ffaa5588000 	C:\Program Files\Microsoft\jdk-17.0.14.7-hotspot\bin\zip.dll
0x00007ffaa9310000 - 0x00007ffaa9320000 	C:\Program Files\Microsoft\jdk-17.0.14.7-hotspot\bin\verify.dll

dbghelp: loaded successfully - version: 4.0.5 - missing functions: none
symbol engine: initialized successfully - sym options: 0x614 - pdb path: .;C:\Program Files\Microsoft\jdk-17.0.14.7-hotspot\bin;C:\Windows\SYSTEM32;C:\Windows\WinSxS\amd64_microsoft.windows.common-controls_6595b64144ccf1df_6.0.19041.4355_none_60b8b9eb71f62e16;C:\Program Files\Microsoft\jdk-17.0.14.7-hotspot\bin\server

VM Arguments:
jvm_args: -Xmx64m -Xms64m -Dorg.gradle.appname=gradlew 
java_command: org.gradle.wrapper.GradleWrapperMain app:installDebug -PreactNativeDevServerPort=8081
java_class_path (initial): C:\Users\PMLS\Desktop\New folder\deliveryApp\android\\gradle\wrapper\gradle-wrapper.jar
Launcher Type: SUN_STANDARD

[Global flags]
     intx CICompilerCount                          = 4                                         {product} {ergonomic}
     uint ConcGCThreads                            = 3                                         {product} {ergonomic}
     uint G1ConcRefinementThreads                  = 10                                        {product} {ergonomic}
   size_t G1HeapRegionSize                         = 1048576                                   {product} {ergonomic}
    uintx GCDrainStackTargetSize                   = 64                                        {product} {ergonomic}
   size_t InitialHeapSize                          = 67108864                                  {product} {command line}
   size_t MarkStackSize                            = 4194304                                   {product} {ergonomic}
   size_t MaxHeapSize                              = 67108864                                  {product} {command line}
   size_t MaxNewSize                               = 39845888                                  {product} {ergonomic}
   size_t MinHeapDeltaBytes                        = 1048576                                   {product} {ergonomic}
   size_t MinHeapSize                              = 67108864                                  {product} {command line}
    uintx NonNMethodCodeHeapSize                   = 5839372                                {pd product} {ergonomic}
    uintx NonProfiledCodeHeapSize                  = 122909434                              {pd product} {ergonomic}
    uintx ProfiledCodeHeapSize                     = 122909434                              {pd product} {ergonomic}
    uintx ReservedCodeCacheSize                    = 251658240                              {pd product} {ergonomic}
     bool SegmentedCodeCache                       = true                                      {product} {ergonomic}
   size_t SoftMaxHeapSize                          = 67108864                               {manageable} {ergonomic}
     bool UseCompressedClassPointers               = true                           {product lp64_product} {ergonomic}
     bool UseCompressedOops                        = true                           {product lp64_product} {ergonomic}
     bool UseG1GC                                  = true                                      {product} {ergonomic}
     bool UseLargePagesIndividualAllocation        = false                                  {pd product} {ergonomic}

Logging:
Log output configuration:
 #0: stdout all=warning uptime,level,tags
 #1: stderr all=off uptime,level,tags

Environment Variables:
JAVA_HOME=C:\Program Files\Microsoft\jdk-17.0.14.7-hotspot\
CLASSPATH=C:\Users\PMLS\Desktop\New folder\deliveryApp\android\\gradle\wrapper\gradle-wrapper.jar
PATH=C:\Users\PMLS\Desktop\New folder\deliveryApp\node_modules\.bin;C:\Users\PMLS\Desktop\New folder\deliveryApp\node_modules\.bin;C:\Users\PMLS\Desktop\New folder\node_modules\.bin;C:\Users\PMLS\Desktop\node_modules\.bin;C:\Users\PMLS\node_modules\.bin;C:\Users\node_modules\.bin;C:\node_modules\.bin;C:\Users\PMLS\AppData\Roaming\npm\node_modules\npm\node_modules\@npmcli\run-script\lib\node-gyp-bin;C:\Users\PMLS\Desktop\New folder\deliveryApp\node_modules\.bin;C:\Users\PMLS\Desktop\New folder\node_modules\.bin;C:\Users\PMLS\Desktop\node_modules\.bin;C:\Users\PMLS\node_modules\.bin;C:\Users\node_modules\.bin;C:\node_modules\.bin;C:\Users\PMLS\AppData\Roaming\npm\node_modules\npm\node_modules\@npmcli\run-script\lib\node-gyp-bin;C:\Program Files\Microsoft\jdk-17.0.14.7-hotspot\bin;C:\Python313\Scripts\;C:\Python313\;C:\Windows\system32;C:\Windows;C:\Windows\System32\Wbem;C:\Windows\System32\WindowsPowerShell\v1.0\;C:\Windows\System32\OpenSSH\;C:\Program Files\dotnet\;C:\Program Files\Git\cmd;C:\Program Files\nodejs\;C:\ProgramData\chocolatey\bin;C:\Users\PMLS\AppData\Local\Android\Sdk\platform-tools;C:\Users\PMLS\AppData\Local\Android\Sdk\tools;C:\Users\PMLS\AppData\Local\Microsoft\WindowsApps;C:\Users\PMLS\AppData\Roaming\npm;C:\Users\PMLS\AppData\Local\Programs\Microsoft VS Code\bin;C:\Users\PMLS\AppData\Local\Android\Sdk;C:\Users\PMLS\AppData\Local\Android\Sdk;
USERNAME=PMYLS
OS=Windows_NT
PROCESSOR_IDENTIFIER=Intel64 Family 6 Model 154 Stepping 4, GenuineIntel
TMP=C:\Users\PMLS\AppData\Local\Temp
TEMP=C:\Users\PMLS\AppData\Local\Temp



Periodic native trim disabled


---------------  S Y S T E M  ---------------

OS:
 Windows 10 , 64 bit Build 19041 (10.0.19041.5198)
OS uptime: 5 days 1:04 hours

CPU: total 12 (initial active 12) (6 cores per cpu, 2 threads per core) family 6 model 154 stepping 4 microcode 0x424, cx8, cmov, fxsr, ht, mmx, 3dnowpref, sse, sse2, sse3, ssse3, sse4.1, sse4.2, popcnt, lzcnt, tsc, tscinvbit, avx, avx2, aes, erms, clmul, bmi1, bmi2, adx, sha, fma, vzeroupper, clflush, clflushopt, clwb
Processor Information for processor 0
  Max Mhz: 1300, Current Mhz: 1300, Mhz Limit: 1300
Processor Information for processor 1
  Max Mhz: 1300, Current Mhz: 1300, Mhz Limit: 1300
Processor Information for processor 2
  Max Mhz: 1300, Current Mhz: 1300, Mhz Limit: 1300
Processor Information for processor 3
  Max Mhz: 1300, Current Mhz: 1300, Mhz Limit: 1300
Processor Information for processor 4
  Max Mhz: 900, Current Mhz: 900, Mhz Limit: 900
Processor Information for processor 5
  Max Mhz: 900, Current Mhz: 900, Mhz Limit: 900
Processor Information for processor 6
  Max Mhz: 900, Current Mhz: 900, Mhz Limit: 900
Processor Information for processor 7
  Max Mhz: 900, Current Mhz: 900, Mhz Limit: 900
Processor Information for processor 8
  Max Mhz: 900, Current Mhz: 900, Mhz Limit: 900
Processor Information for processor 9
  Max Mhz: 900, Current Mhz: 900, Mhz Limit: 900
Processor Information for processor 10
  Max Mhz: 900, Current Mhz: 900, Mhz Limit: 900
Processor Information for processor 11
  Max Mhz: 900, Current Mhz: 900, Mhz Limit: 900

Memory: 4k page, system-wide physical 7916M (505M free)
TotalPageFile size 32492M (AvailPageFile size 0M)
current process WorkingSet (physical memory assigned to process): 57M, peak: 57M
current process commit charge ("private bytes"): 150M, peak: 151M

vm_info: OpenJDK 64-Bit Server VM (17.0.14+7-LTS) for windows-amd64 JRE (17.0.14+7-LTS), built on Jan  8 2025 23:39:28 by "MicrosoftCorporation" with unknown MS VC++:1939

END.
